Flutter crash report.
Please report a bug at https://github.com/flutter/flutter/issues.

## command

flutter --quiet assemble --no-version-check --depfile C:\Users\THIS-PC\FlutterProjects\linkschool\build\app\intermediates\flutter\debug/flutter_build.d --output C:\Users\THIS-PC\FlutterProjects\linkschool\build\app\intermediates\flutter\debug -dTargetFile=C:\Users\THIS-PC\FlutterProjects\linkschool\lib\main.dart -dTargetPlatform=android -dBuildMode=debug -dTrackWidgetCreation=true -dFlavor= -dAndroidArchs=android-arm64 -dMinSdkVersion=21 debug_android_application

## exception

PathAccessException: PathAccessException: Cannot delete file, path = 'C:\Users\THIS-PC\FlutterProjects\linkschool\build\app\intermediates\flutter\debug\flutter_assets\assets/icons/e_learning/upload.svg' (OS Error: Access is denied.
, errno = 5)

```
#0      _File.throwIfError (dart:io/file_impl.dart:782:7)
#1      _File._deleteSync (dart:io/file_impl.dart:367:5)
#2      FileSystemEntity.deleteSync (dart:io/file_system_entity.dart:425:7)
#3      ForwardingFileSystemEntity.deleteSync (package:file/src/forwarding/forwarding_file_system_entity.dart:70:16)
#4      ForwardingFileSystemEntity.deleteSync (package:file/src/forwarding/forwarding_file_system_entity.dart:70:16)
#5      ErrorHandlingFileSystem.deleteIfExists (package:flutter_tools/src/base/error_handling_io.dart:90:14)
#6      FlutterBuildSystem.trackSharedBuildDirectory (package:flutter_tools/src/build_system/build_system.dart:780:33)
#7      FlutterBuildSystem.build (package:flutter_tools/src/build_system/build_system.dart:661:5)
<asynchronous suspension>
#8      AssembleCommand.runCommand (package:flutter_tools/src/commands/assemble.dart:354:32)
<asynchronous suspension>
#9      FlutterCommand.run.<anonymous closure> (package:flutter_tools/src/runner/flutter_command.dart:1558:27)
<asynchronous suspension>
#10     AppContext.run.<anonymous closure> (package:flutter_tools/src/base/context.dart:154:19)
<asynchronous suspension>
#11     CommandRunner.runCommand (package:args/command_runner.dart:212:13)
<asynchronous suspension>
#12     FlutterCommandRunner.runCommand.<anonymous closure> (package:flutter_tools/src/runner/flutter_command_runner.dart:496:9)
<asynchronous suspension>
#13     AppContext.run.<anonymous closure> (package:flutter_tools/src/base/context.dart:154:19)
<asynchronous suspension>
#14     FlutterCommandRunner.runCommand (package:flutter_tools/src/runner/flutter_command_runner.dart:431:5)
<asynchronous suspension>
#15     run.<anonymous closure>.<anonymous closure> (package:flutter_tools/runner.dart:98:11)
<asynchronous suspension>
#16     AppContext.run.<anonymous closure> (package:flutter_tools/src/base/context.dart:154:19)
<asynchronous suspension>
#17     main (package:flutter_tools/executable.dart:99:3)
<asynchronous suspension>
```

## flutter doctor

```
[✓] Flutter (Channel stable, 3.29.0, on Microsoft Windows [Version 10.0.19045.5487], locale en-US) [14.2s]
    • Flutter version 3.29.0 on channel stable at C:\Users\THIS-PC\flutter
    • Upstream repository https://github.com/flutter/flutter.git
    • Framework revision 35c388afb5 (5 days ago), 2025-02-10 12:48:41 -0800
    • Engine revision f73bfc4522
    • Dart version 3.7.0
    • DevTools version 2.42.2

[✓] Windows Version (10 Pro 64-bit, 22H2, 2009) [49.3s]

[✓] Android toolchain - develop for Android devices (Android SDK version 35.0.1) [78.1s]
    • Android SDK at C:\Users\THIS-PC\AppData\Local\Android\sdk
    • Platform android-35, build-tools 35.0.1
    • Java binary at: C:\Program Files\Android\Android Studio2\jbr\bin\java
      This is the JDK bundled with the latest Android Studio installation on this machine.
      To manually set the JDK path, use: `flutter config --jdk-dir="path/to/jdk"`.
    • Java version OpenJDK Runtime Environment (build 21.0.4+-12508038-b607.1)
    • All Android licenses accepted.

[✓] Chrome - develop for the web [6.9s]
    • Chrome at C:\Program Files\Google\Chrome\Application\chrome.exe

[✓] Visual Studio - develop Windows apps (Visual Studio Community 2022 17.12.4) [6.9s]
    • Visual Studio at C:\Program Files\Microsoft Visual Studio\2022\Community
    • Visual Studio Community 2022 version 17.12.35707.178
    • Windows 10 SDK version 10.0.22621.0

[✓] Android Studio (version 2024.2) [47ms]
    • Android Studio at C:\Program Files\Android\Android Studio2
    • Flutter plugin can be installed from:
      🔨 https://plugins.jetbrains.com/plugin/9212-flutter
    • Dart plugin can be installed from:
      🔨 https://plugins.jetbrains.com/plugin/6351-dart
    • Java version OpenJDK Runtime Environment (build 21.0.4+-12508038-b607.1)

[✓] VS Code (version 1.97.2) [44ms]
    • VS Code at C:\Users\THIS-PC\AppData\Local\Programs\Microsoft VS Code
    • Flutter extension version 3.104.0

[✓] Connected device (3 available) [858ms]
    • Windows (desktop) • windows • windows-x64    • Microsoft Windows [Version 10.0.19045.5487]
    • Chrome (web)      • chrome  • web-javascript • Google Chrome 132.0.6834.197
    • Edge (web)        • edge    • web-javascript • Microsoft Edge 133.0.3065.59

[✓] Network resources [5.0s]
    • All expected network resources are available.

• No issues found!
```
