Flutter crash report.
Please report a bug at https://github.com/flutter/flutter/issues.

## command

flutter --quiet assemble --no-version-check --depfile C:\Users\ewoch\Documents\linkschool\build\app\intermediates\flutter\debug/flutter_build.d --output C:\Users\ewoch\Documents\linkschool\build\app\intermediates\flutter\debug -dTargetFile=C:\Users\ewoch\Documents\linkschool\lib\main.dart -dTargetPlatform=android -dBuildMode=debug -dTrackWidgetCreation=true -dFlavor= -dAndroidArchs=android-arm64 -dMinSdkVersion=23 debug_android_application

## exception

ProcessPackageException: ProcessException: The paging file is too small for this operation to complete.

  Command: cmd.exe /c ver

```
#0      LocalProcessManager.runSync (package:process/src/interface/local_process_manager.dart:118:7)
#1      ErrorHandlingProcessManager.runSync.<anonymous closure> (package:flutter_tools/src/base/error_handling_io.dart:678:26)
#2      _runSync (package:flutter_tools/src/base/error_handling_io.dart:550:14)
#3      ErrorHandlingProcessManager.runSync (package:flutter_tools/src/base/error_handling_io.dart:676:12)
#4      _WindowsUtils.name (package:flutter_tools/src/base/os.dart:579:52)
#5      _DefaultUsage.initialize (package:flutter_tools/src/reporting/usage.dart:186:93)
#6      new Usage (package:flutter_tools/src/reporting/usage.dart:20:23)
#7      runInContext.<anonymous closure> (package:flutter_tools/src/context_runner.dart:336:17)
#8      AppContext._generateIfNecessary.<anonymous closure> (package:flutter_tools/src/base/context.dart:108:42)
#9      _LinkedHashMapMixin.putIfAbsent (dart:_compact_hash:673:23)
#10     AppContext._generateIfNecessary (package:flutter_tools/src/base/context.dart:95:20)
#11     AppContext.get (package:flutter_tools/src/base/context.dart:125:32)
#12     AppContext.get (package:flutter_tools/src/base/context.dart:123:23)
#13     AppContext.get (package:flutter_tools/src/base/context.dart:123:23)
#14     flutterUsage (package:flutter_tools/src/globals.dart:73:35)
#15     FlutterCommand.run.<anonymous closure> (package:flutter_tools/src/runner/flutter_command.dart:1550:17)
#16     AppContext.run.<anonymous closure> (package:flutter_tools/src/base/context.dart:154:29)
#17     _rootRun (dart:async/zone.dart:1525:13)
#18     _CustomZone.run (dart:async/zone.dart:1422:19)
#19     _runZoned (dart:async/zone.dart:2034:6)
#20     runZoned (dart:async/zone.dart:1960:10)
#21     AppContext.run (package:flutter_tools/src/base/context.dart:153:12)
#22     FlutterCommand.run (package:flutter_tools/src/runner/flutter_command.dart:1542:20)
#23     CommandRunner.runCommand (package:args/command_runner.dart:212:27)
#24     FlutterCommandRunner.runCommand.<anonymous closure> (package:flutter_tools/src/runner/flutter_command_runner.dart:496:21)
<asynchronous suspension>
#25     AppContext.run.<anonymous closure> (package:flutter_tools/src/base/context.dart:154:19)
<asynchronous suspension>
#26     FlutterCommandRunner.runCommand (package:flutter_tools/src/runner/flutter_command_runner.dart:431:5)
<asynchronous suspension>
#27     run.<anonymous closure>.<anonymous closure> (package:flutter_tools/runner.dart:98:11)
<asynchronous suspension>
#28     AppContext.run.<anonymous closure> (package:flutter_tools/src/base/context.dart:154:19)
<asynchronous suspension>
#29     main (package:flutter_tools/executable.dart:99:3)
<asynchronous suspension>
```

## flutter doctor

```
[✓] Flutter (Channel stable, 3.29.2, on Microsoft Windows [Version 10.0.22631.6060], locale en-US) [2.1s]
    • Flutter version 3.29.2 on channel stable at C:\Users\ewoch\flutter
    • Upstream repository https://github.com/flutter/flutter.git
    • Framework revision c236373904 (8 months ago), 2025-03-13 16:17:06 -0400
    • Engine revision 18b71d647a
    • Dart version 3.7.2
    • DevTools version 2.42.3

[✓] Windows Version (11 Pro 64-bit, 23H2, 2009) [21.3s]

[!] Android toolchain - develop for Android devices (Android SDK version 35.0.1) [19.1s]
    • Android SDK at C:\Users\ewoch\AppData\Local\Android\Sdk
    • Platform android-35, build-tools 35.0.1
    • ANDROID_HOME = C:\Users\ewoch\AppData\Local\Android\Sdk
    • ANDROID_SDK_ROOT = C:\Users\ewoch\AppData\Local\Android\Sdk
    • Java binary at: C:\Program Files\Java\jdk-17\bin\java
      This JDK is specified in your Flutter configuration.
      To change the current JDK, run: `flutter config --jdk-dir="path/to/jdk"`.
    • Java version Java(TM) SE Runtime Environment (build 17.0.12+8-LTS-286)
    ! Some Android licenses not accepted. To resolve this, run: flutter doctor --android-licenses

[✓] Chrome - develop for the web [93ms]
    • Chrome at C:\Program Files\Google\Chrome\Application\chrome.exe

[✗] Visual Studio - develop Windows apps [89ms]
    ✗ Visual Studio not installed; this is necessary to develop Windows apps.
      Download at https://visualstudio.microsoft.com/downloads/.
      Please install the "Desktop development with C++" workload, including all of its default components

[✓] Android Studio (version 2024.3) [77ms]
    • Android Studio at C:\Program Files\Android\Android Studio1
    • Flutter plugin can be installed from:
      🔨 https://plugins.jetbrains.com/plugin/9212-flutter
    • Dart plugin can be installed from:
      🔨 https://plugins.jetbrains.com/plugin/6351-dart
    • Java version OpenJDK Runtime Environment (build 21.0.5+-13047016-b750.29)

[✓] VS Code (version 1.105.1) [69ms]
    • VS Code at C:\Users\ewoch\AppData\Local\Programs\Microsoft VS Code
    • Flutter extension version 3.122.0

[✓] Connected device (5 available) [4.7s]
    • TECNO CG6 (mobile)            • 067062513Q101404                                  • android-arm64  • Android 12 (API 31)
    • TECNO CG6 (wireless) (mobile) • adb-067062513Q101404-7U2hPZ._adb-tls-connect._tcp • android-arm64  • Android 12 (API 31)
    • Windows (desktop)             • windows                                           • windows-x64    • Microsoft Windows [Version 10.0.22631.6060]
    • Chrome (web)                  • chrome                                            • web-javascript • Google Chrome 142.0.7444.60
    • Edge (web)                    • edge                                              • web-javascript • Microsoft Edge 142.0.3595.53

[✓] Network resources [1,397ms]
    • All expected network resources are available.

! Doctor found issues in 2 categories.
```
